<?xml version="1.0" encoding="UTF-8"?>
<testsuite name="com.example.argosapp.EnseigneServiceTest" tests="6" skipped="0" failures="0" errors="0" timestamp="2025-04-30T18:21:14" hostname="DESKTOP-NERU9KO" time="0.283">
  <properties/>
  <testcase name="testSuppressionEnseigne()" classname="com.example.argosapp.EnseigneServiceTest" time="0.253"/>
  <testcase name="testAjouterEnseigne()" classname="com.example.argosapp.EnseigneServiceTest" time="0.002"/>
  <testcase name="testGetAllEnseigneNonAdmin()" classname="com.example.argosapp.EnseigneServiceTest" time="0.005"/>
  <testcase name="testSuppressionEnseigneNomIncorrect()" classname="com.example.argosapp.EnseigneServiceTest" time="0.016"/>
  <testcase name="testAjouterEnseigneNomVide()" classname="com.example.argosapp.EnseigneServiceTest" time="0.002"/>
  <testcase name="testAjouterEnseigneIdentifiantVide()" classname="com.example.argosapp.EnseigneServiceTest" time="0.002"/>
  <system-out><![CDATA[]]></system-out>
  <system-err><![CDATA[]]></system-err>
</testsuite>
