<?xml version="1.0" encoding="UTF-8"?>
<testsuite name="com.example.argosapp.UtilisateurTest" tests="5" skipped="0" failures="0" errors="0" timestamp="2025-04-30T18:21:29" hostname="DESKTOP-NERU9KO" time="0.003">
  <properties/>
  <testcase name="testGettersAndSetters()" classname="com.example.argosapp.UtilisateurTest" time="0.0"/>
  <testcase name="testToString()" classname="com.example.argosapp.UtilisateurTest" time="0.001"/>
  <testcase name="testGetIsAdminTrue()" classname="com.example.argosapp.UtilisateurTest" time="0.001"/>
  <testcase name="testGetIsAdminFalse()" classname="com.example.argosapp.UtilisateurTest" time="0.0"/>
  <testcase name="testConstructor()" classname="com.example.argosapp.UtilisateurTest" time="0.001"/>
  <system-out><![CDATA[]]></system-out>
  <system-err><![CDATA[]]></system-err>
</testsuite>
